Looking in indexes: https://pypi.tuna.tsinghua.edu.cn/simple
Collecting frechet_audio_distance
  Using cached https://pypi.tuna.tsinghua.edu.cn/packages/2e/5a/c622100059bef71ce3d54a968eea2b40b2644f73e0223c9070e2b577b6b8/frechet_audio_distance-0.3.1-py3-none-any.whl (24 kB)
Requirement already satisfied: scipy==1.10.1 in /root/miniconda3/lib/python3.8/site-packages (from frechet_audio_distance) (1.10.1)
Requirement already satisfied: laion-clap in /root/miniconda3/lib/python3.8/site-packages (from frechet_audio_distance) (1.1.7)
Requirement already satisfied: torchaudio in /root/miniconda3/lib/python3.8/site-packages (from frechet_audio_distance) (2.4.1)
Collecting transformers<=4.30.2
  Downloading https://pypi.tuna.tsinghua.edu.cn/packages/5b/0b/e45d26ccd28568013523e04f325432ea88a442b4e3020b757cf4361f0120/transformers-4.30.2-py3-none-any.whl (7.2 MB)
Collecting encodec
  Downloading https://pypi.tuna.tsinghua.edu.cn/packages/62/59/e47bbd0542d0e6f4ce9983d5eb458a01d4b42c81e5c410cb9e159b1061ae/encodec-0.1.1.tar.gz (3.7 MB)
Requirement already satisfied: tqdm in /root/miniconda3/lib/python3.8/site-packages (from frechet_audio_distance) (4.68.4)
Requirement already satisfied: soundfile in /root/miniconda3/lib/python3.8/site-packages (from frechet_audio_distance) (0.13.1)
Collecting numpy==1.23.4
  Downloading https://pypi.tuna.tsinghua.edu.cn/packages/56/df/2f6016171ebce9875e7de0292a2131bea86e0340607a313a04b332d35c8e/numpy-1.23.4-cp38-cp38-manylinux_2_17_x86_64.manylinux2014_x86_64.whl (17.1 MB)
Collecting resampy
  Downloading https://pypi.tuna.tsinghua.edu.cn/packages/4d/b9/3b00ac340a1aab3389ebcc52c779914a44aadf7b0cb7a3bf053195735607/resampy-0.4.3-py3-none-any.whl (3.1 MB)
Requirement already satisfied: torchlibrosa in /root/miniconda3/lib/python3.8/site-packages (from frechet_audio_distance) (0.1.0)
Requirement already satisfied: torch in /root/miniconda3/lib/python3.8/site-packages (from frechet_audio_distance) (2.4.1)
Requirement already satisfied: packaging>=20.0 in /root/miniconda3/lib/python3.8/site-packages (from transformers<=4.30.2->frechet_audio_distance) (23.0)
Requirement already satisfied: safetensors>=0.3.1 in /root/miniconda3/lib/python3.8/site-packages (from transformers<=4.30.2->frechet_audio_distance) (0.5.3)
Collecting tokenizers!=0.11.3,<0.14,>=0.11.1
  Downloading https://pypi.tuna.tsinghua.edu.cn/packages/4e/f2/017bf57106b845e31ef6179bf204042720a53629cf599ef9464da990e0e5/tokenizers-0.13.3-cp38-cp38-manylinux_2_17_x86_64.manylinux2014_x86_64.whl (7.8 MB)
Requirement already satisfied: pyyaml>=5.1 in /root/miniconda3/lib/python3.8/site-packages (from transformers<=4.30.2->frechet_audio_distance) (6.0)
Requirement already satisfied: huggingface-hub<1.0,>=0.14.1 in /root/miniconda3/lib/python3.8/site-packages (from transformers<=4.30.2->frechet_audio_distance) (0.36.2)
Requirement already satisfied: filelock in /root/miniconda3/lib/python3.8/site-packages (from transformers<=4.30.2->frechet_audio_distance) (3.10.0)
Requirement already satisfied: requests in /root/miniconda3/lib/python3.8/site-packages (from transformers<=4.30.2->frechet_audio_distance) (2.32.4)
Requirement already satisfied: regex!=2019.12.17 in /root/miniconda3/lib/python3.8/site-packages (from transformers<=4.30.2->frechet_audio_distance) (2024.11.6)
Requirement already satisfied: fsspec>=2023.5.0 in /root/miniconda3/lib/python3.8/site-packages (from huggingface-hub<1.0,>=0.14.1->transformers<=4.30.2->frechet_audio_distance) (2024.9.0)
Requirement already satisfied: hf-xet<2.0.0,>=1.1.3 in /root/miniconda3/lib/python3.8/site-packages (from huggingface-hub<1.0,>=0.14.1->transformers<=4.30.2->frechet_audio_distance) (1.5.1)
Requirement already satisfied: typing-extensions>=3.7.4.3 in /root/miniconda3/lib/python3.8/site-packages (from huggingface-hub<1.0,>=0.14.1->transformers<=4.30.2->frechet_audio_distance) (4.13.2)
Collecting einops
  Downloading https://pypi.tuna.tsinghua.edu.cn/packages/87/62/9773de14fe6c45c23649e98b83231fffd7b9892b6cf863251dc2afa73643/einops-0.8.1-py3-none-any.whl (64 kB)
Requirement already satisfied: wandb in /root/miniconda3/lib/python3.8/site-packages (from laion-clap->frechet_audio_distance) (0.24.2)
Collecting laion-clap
  Downloading https://pypi.tuna.tsinghua.edu.cn/packages/e2/8d/c19f427d2adde486486704de2729fbad8e8da92f8edec01a7cf3454e7d8b/laion_clap-1.1.6-py3-none-any.whl (1.5 MB)
  Downloading https://pypi.tuna.tsinghua.edu.cn/packages/b4/5e/c26fa4892830eea6b4694afd0c31b0c678cfd058c5e26aea48270cd8fcf4/laion_clap-1.1.5-py3-none-any.whl (1.5 MB)
Requirement already satisfied: braceexpand in /root/miniconda3/lib/python3.8/site-packages (from laion-clap->frechet_audio_distance) (0.1.7)
Requirement already satisfied: llvmlite in /root/miniconda3/lib/python3.8/site-packages (from laion-clap->frechet_audio_distance) (0.41.1)
Requirement already satisfied: pandas in /root/miniconda3/lib/python3.8/site-packages (from laion-clap->frechet_audio_distance) (2.0.3)
Requirement already satisfied: wget in /root/miniconda3/lib/python3.8/site-packages (from laion-clap->frechet_audio_distance) (3.2)
Requirement already satisfied: ftfy in /root/miniconda3/lib/python3.8/site-packages (from laion-clap->frechet_audio_distance) (6.2.3)
Requirement already satisfied: h5py in /root/miniconda3/lib/python3.8/site-packages (from laion-clap->frechet_audio_distance) (3.11.0)
Requirement already satisfied: librosa in /root/miniconda3/lib/python3.8/site-packages (from laion-clap->frechet_audio_distance) (0.11.0)
Requirement already satisfied: scikit-learn in /root/miniconda3/lib/python3.8/site-packages (from laion-clap->frechet_audio_distance) (1.3.2)
Requirement already satisfied: webdataset in /root/miniconda3/lib/python3.8/site-packages (from laion-clap->frechet_audio_distance) (0.2.100)
Requirement already satisfied: progressbar in /root/miniconda3/lib/python3.8/site-packages (from laion-clap->frechet_audio_distance) (2.5)
Requirement already satisfied: wcwidth<0.3.0,>=0.2.12 in /root/miniconda3/lib/python3.8/site-packages (from ftfy->laion-clap->frechet_audio_distance) (0.2.14)
Requirement already satisfied: lazy_loader>=0.1 in /root/miniconda3/lib/python3.8/site-packages (from librosa->laion-clap->frechet_audio_distance) (0.4)
Requirement already satisfied: audioread>=2.1.9 in /root/miniconda3/lib/python3.8/site-packages (from librosa->laion-clap->frechet_audio_distance) (3.0.1)
Requirement already satisfied: numba>=0.51.0 in /root/miniconda3/lib/python3.8/site-packages (from librosa->laion-clap->frechet_audio_distance) (0.58.1)
Requirement already satisfied: joblib>=1.0 in /root/miniconda3/lib/python3.8/site-packages (from librosa->laion-clap->frechet_audio_distance) (1.4.2)
Requirement already satisfied: pooch>=1.1 in /root/miniconda3/lib/python3.8/site-packages (from librosa->laion-clap->frechet_audio_distance) (1.8.2)
Requirement already satisfied: decorator>=4.3.0 in /root/miniconda3/lib/python3.8/site-packages (from librosa->laion-clap->frechet_audio_distance) (5.1.1)
Requirement already satisfied: msgpack>=1.0 in /root/miniconda3/lib/python3.8/site-packages (from librosa->laion-clap->frechet_audio_distance) (1.1.1)
Requirement already satisfied: soxr>=0.3.2 in /root/miniconda3/lib/python3.8/site-packages (from librosa->laion-clap->frechet_audio_distance) (0.3.7)
Requirement already satisfied: importlib-metadata in /root/miniconda3/lib/python3.8/site-packages (from numba>=0.51.0->librosa->laion-clap->frechet_audio_distance) (6.0.0)
Requirement already satisfied: platformdirs>=2.5.0 in /root/miniconda3/lib/python3.8/site-packages (from pooch>=1.1->librosa->laion-clap->frechet_audio_distance) (3.1.1)
Requirement already satisfied: charset_normalizer<4,>=2 in /root/miniconda3/lib/python3.8/site-packages (from requests->transformers<=4.30.2->frechet_audio_distance) (3.1.0)
Requirement already satisfied: certifi>=2017.4.17 in /root/miniconda3/lib/python3.8/site-packages (from requests->transformers<=4.30.2->frechet_audio_distance) (2021.5.30)
Requirement already satisfied: idna<4,>=2.5 in /root/miniconda3/lib/python3.8/site-packages (from requests->transformers<=4.30.2->frechet_audio_distance) (2.10)
Requirement already satisfied: urllib3<3,>=1.21.1 in /root/miniconda3/lib/python3.8/site-packages (from requests->transformers<=4.30.2->frechet_audio_distance) (2.2.3)
Requirement already satisfied: threadpoolctl>=2.0.0 in /root/miniconda3/lib/python3.8/site-packages (from scikit-learn->laion-clap->frechet_audio_distance) (3.5.0)
Requirement already satisfied: cffi>=1.0 in /root/miniconda3/lib/python3.8/site-packages (from soundfile->frechet_audio_distance) (1.14.6)
Requirement already satisfied: pycparser in /root/miniconda3/lib/python3.8/site-packages (from cffi>=1.0->soundfile->frechet_audio_distance) (2.20)
Requirement already satisfied: zipp>=0.5 in /root/miniconda3/lib/python3.8/site-packages (from importlib-metadata->numba>=0.51.0->librosa->laion-clap->frechet_audio_distance) (3.15.0)
Requirement already satisfied: tzdata>=2022.1 in /root/miniconda3/lib/python3.8/site-packages (from pandas->laion-clap->frechet_audio_distance) (2026.3)
Requirement already satisfied: python-dateutil>=2.8.2 in /root/miniconda3/lib/python3.8/site-packages (from pandas->laion-clap->frechet_audio_distance) (2.8.2)
Requirement already satisfied: pytz>=2020.1 in /root/miniconda3/lib/python3.8/site-packages (from pandas->laion-clap->frechet_audio_distance) (2022.7.1)
Requirement already satisfied: six>=1.5 in /root/miniconda3/lib/python3.8/site-packages (from python-dateutil>=2.8.2->pandas->laion-clap->frechet_audio_distance) (1.16.0)
Requirement already satisfied: importlib-resources in /root/miniconda3/lib/python3.8/site-packages (from resampy->frechet_audio_distance) (5.12.0)
Requirement already satisfied: nvidia-cuda-nvrtc-cu12==12.1.105 in /root/miniconda3/lib/python3.8/site-packages (from torch->frechet_audio_distance) (12.1.105)
Requirement already satisfied: nvidia-cusolver-cu12==11.4.5.107 in /root/miniconda3/lib/python3.8/site-packages (from torch->frechet_audio_distance) (11.4.5.107)
Requirement already satisfied: nvidia-cublas-cu12==12.1.3.1 in /root/miniconda3/lib/python3.8/site-packages (from torch->frechet_audio_distance) (12.1.3.1)
Requirement already satisfied: nvidia-curand-cu12==10.3.2.106 in /root/miniconda3/lib/python3.8/site-packages (from torch->frechet_audio_distance) (10.3.2.106)
Requirement already satisfied: triton==3.0.0 in /root/miniconda3/lib/python3.8/site-packages (from torch->frechet_audio_distance) (3.0.0)
Requirement already satisfied: nvidia-cuda-runtime-cu12==12.1.105 in /root/miniconda3/lib/python3.8/site-packages (from torch->frechet_audio_distance) (12.1.105)
Requirement already satisfied: networkx in /root/miniconda3/lib/python3.8/site-packages (from torch->frechet_audio_distance) (3.0)
Requirement already satisfied: jinja2 in /root/miniconda3/lib/python3.8/site-packages (from torch->frechet_audio_distance) (3.1.2)
Requirement already satisfied: sympy in /root/miniconda3/lib/python3.8/site-packages (from torch->frechet_audio_distance) (1.11.1)
Requirement already satisfied: nvidia-cudnn-cu12==9.1.0.70 in /root/miniconda3/lib/python3.8/site-packages (from torch->frechet_audio_distance) (9.1.0.70)
Requirement already satisfied: nvidia-cuda-cupti-cu12==12.1.105 in /root/miniconda3/lib/python3.8/site-packages (from torch->frechet_audio_distance) (12.1.105)
Requirement already satisfied: nvidia-cufft-cu12==11.0.2.54 in /root/miniconda3/lib/python3.8/site-packages (from torch->frechet_audio_distance) (11.0.2.54)
Requirement already satisfied: nvidia-cusparse-cu12==12.1.0.106 in /root/miniconda3/lib/python3.8/site-packages (from torch->frechet_audio_distance) (12.1.0.106)
Requirement already satisfied: nvidia-nvtx-cu12==12.1.105 in /root/miniconda3/lib/python3.8/site-packages (from torch->frechet_audio_distance) (12.1.105)
Requirement already satisfied: nvidia-nccl-cu12==2.20.5 in /root/miniconda3/lib/python3.8/site-packages (from torch->frechet_audio_distance) (2.20.5)
Requirement already satisfied: nvidia-nvjitlink-cu12 in /root/miniconda3/lib/python3.8/site-packages (from nvidia-cusolver-cu12==11.4.5.107->torch->frechet_audio_distance) (12.9.86)
Requirement already satisfied: MarkupSafe>=2.0 in /root/miniconda3/lib/python3.8/site-packages (from jinja2->torch->frechet_audio_distance) (2.1.2)
Requirement already satisfied: mpmath>=0.19 in /root/miniconda3/lib/python3.8/site-packages (from sympy->torch->frechet_audio_distance) (1.3.0)
Requirement already satisfied: pydantic<3 in /root/miniconda3/lib/python3.8/site-packages (from wandb->laion-clap->frechet_audio_distance) (2.10.6)
Requirement already satisfied: eval-type-backport in /root/miniconda3/lib/python3.8/site-packages (from wandb->laion-clap->frechet_audio_distance) (0.4.0)
Requirement already satisfied: protobuf!=4.21.0,!=5.28.0,<7,>=3.12.0 in /root/miniconda3/lib/python3.8/site-packages (from wandb->laion-clap->frechet_audio_distance) (4.22.1)
Requirement already satisfied: click>=8.0.1 in /root/miniconda3/lib/python3.8/site-packages (from wandb->laion-clap->frechet_audio_distance) (8.1.8)
Requirement already satisfied: sentry-sdk>=2.0.0 in /root/miniconda3/lib/python3.8/site-packages (from wandb->laion-clap->frechet_audio_distance) (2.65.0)
Requirement already satisfied: gitpython!=3.1.29,>=1.0.0 in /root/miniconda3/lib/python3.8/site-packages (from wandb->laion-clap->frechet_audio_distance) (3.1.51)
Requirement already satisfied: gitdb<5,>=4.0.1 in /root/miniconda3/lib/python3.8/site-packages (from gitpython!=3.1.29,>=1.0.0->wandb->laion-clap->frechet_audio_distance) (4.0.12)
Requirement already satisfied: smmap<6,>=3.0.1 in /root/miniconda3/lib/python3.8/site-packages (from gitdb<5,>=4.0.1->gitpython!=3.1.29,>=1.0.0->wandb->laion-clap->frechet_audio_distance) (5.0.3)
Requirement already satisfied: pydantic-core==2.27.2 in /root/miniconda3/lib/python3.8/site-packages (from pydantic<3->wandb->laion-clap->frechet_audio_distance) (2.27.2)
Requirement already satisfied: annotated-types>=0.6.0 in /root/miniconda3/lib/python3.8/site-packages (from pydantic<3->wandb->laion-clap->frechet_audio_distance) (0.7.0)
Building wheels for collected packages: encodec
  Building wheel for encodec (setup.py): started
  Building wheel for encodec (setup.py): finished with status 'done'
  Created wheel for encodec: filename=encodec-0.1.1-py3-none-any.whl size=45768 sha256=97391e1f9b5bcf134fd2c49cc5b706543298e3e2e0740ac1e28d940362b35c6a
  Stored in directory: /root/.cache/pip/wheels/d1/52/44/ffe65647a52f543082c314c58c8a23621b59b1da2b35adac9c
Successfully built encodec
Installing collected packages: numpy, tokenizers, transformers, einops, resampy, laion-clap, encodec, frechet-audio-distance
  Attempting uninstall: numpy
    Found existing installation: numpy 1.24.2
    Uninstalling numpy-1.24.2:
      Successfully uninstalled numpy-1.24.2
  Attempting uninstall: tokenizers
    Found existing installation: tokenizers 0.20.3
    Uninstalling tokenizers-0.20.3:
      Successfully uninstalled tokenizers-0.20.3
  Attempting uninstall: transformers
    Found existing installation: transformers 4.46.3
    Uninstalling transformers-4.46.3:
      Successfully uninstalled transformers-4.46.3
  Attempting uninstall: laion-clap
    Found existing installation: laion-clap 1.1.7
    Uninstalling laion-clap-1.1.7:
      Successfully uninstalled laion-clap-1.1.7
Successfully installed einops-0.8.1 encodec-0.1.1 frechet-audio-distance-0.3.1 laion-clap-1.1.5 numpy-1.23.4 resampy-0.4.3 tokenizers-0.13.3 transformers-4.30.2
WARNING: Running pip as the 'root' user can result in broken permissions and conflicting behaviour with the system package manager. It is recommended to use a virtual environment instead: https://pip.pypa.io/warnings/venv
